<?xml version="1.0" encoding="UTF-8"?>
<coverage generated="1653861590711" clover="3.2.0">
  <project timestamp="1653861590711" name="All files">
    <metrics statements="37" coveredstatements="23" conditionals="12" coveredconditionals="6" methods="9" coveredmethods="4" elements="58" coveredelements="33" complexity="0" loc="37" ncloc="37" packages="1" files="1" classes="1"/>
    <file name="helpers.js" path="/Users/brianjenney1/Desktop/js_pro_unit_testing/helpers.js">
      <metrics statements="37" coveredstatements="23" conditionals="12" coveredconditionals="6" methods="9" coveredmethods="4"/>
      <line num="1" count="1" type="stmt"/>
      <line num="8" count="1" type="stmt"/>
      <line num="9" count="2" type="stmt"/>
      <line num="11" count="2" type="stmt"/>
      <line num="12" count="7" type="stmt"/>
      <line num="13" count="19" type="cond" truecount="2" falsecount="0"/>
      <line num="14" count="5" type="stmt"/>
      <line num="16" count="14" type="stmt"/>
      <line num="21" count="2" type="stmt"/>
      <line num="22" count="2" type="stmt"/>
      <line num="30" count="1" type="stmt"/>
      <line num="31" count="2" type="stmt"/>
      <line num="32" count="2" type="stmt"/>
      <line num="33" count="1" type="stmt"/>
      <line num="35" count="1" type="stmt"/>
      <line num="45" count="1" type="stmt"/>
      <line num="46" count="5" type="cond" truecount="4" falsecount="0"/>
      <line num="47" count="2" type="stmt"/>
      <line num="50" count="3" type="stmt"/>
      <line num="58" count="1" type="stmt"/>
      <line num="59" count="0" type="cond" truecount="0" falsecount="2"/>
      <line num="61" count="0" type="stmt"/>
      <line num="72" count="0" type="stmt"/>
      <line num="73" count="0" type="stmt"/>
      <line num="74" count="0" type="stmt"/>
      <line num="75" count="0" type="stmt"/>
      <line num="76" count="0" type="stmt"/>
      <line num="79" count="1" type="stmt"/>
      <line num="80" count="0" type="cond" truecount="0" falsecount="2"/>
      <line num="83" count="1" type="stmt"/>
      <line num="84" count="0" type="stmt"/>
      <line num="85" count="0" type="stmt"/>
      <line num="86" count="0" type="stmt"/>
      <line num="87" count="0" type="stmt"/>
      <line num="88" count="0" type="stmt"/>
      <line num="90" count="0" type="stmt"/>
      <line num="94" count="1" type="stmt"/>
    </file>
  </project>
</coverage>
