{"/Users/brianjenney1/Desktop/js_pro_unit_testing/helpers.js": {"path":"/Users/brianjenney1/Desktop/js_pro_unit_testing/helpers.js","statementMap":{"0":{"start":{"line":1,"column":14},"end":{"line":1,"column":30}},"1":{"start":{"line":8,"column":19},"end":{"line":23,"column":1}},"2":{"start":{"line":9,"column":17},"end":{"line":9,"column":19}},"3":{"start":{"line":11,"column":17},"end":{"line":19,"column":3}},"4":{"start":{"line":12,"column":4},"end":{"line":18,"column":5}},"5":{"start":{"line":12,"column":17},"end":{"line":12,"column":18}},"6":{"start":{"line":13,"column":6},"end":{"line":17,"column":7}},"7":{"start":{"line":14,"column":8},"end":{"line":14,"column":23}},"8":{"start":{"line":16,"column":8},"end":{"line":16,"column":28}},"9":{"start":{"line":21,"column":2},"end":{"line":21,"column":14}},"10":{"start":{"line":22,"column":2},"end":{"line":22,"column":16}},"11":{"start":{"line":30,"column":20},"end":{"line":37,"column":1}},"12":{"start":{"line":31,"column":2},"end":{"line":36,"column":3}},"13":{"start":{"line":32,"column":17},"end":{"line":32,"column":78}},"14":{"start":{"line":33,"column":4},"end":{"line":33,"column":16}},"15":{"start":{"line":35,"column":4},"end":{"line":35,"column":64}},"16":{"start":{"line":45,"column":19},"end":{"line":51,"column":1}},"17":{"start":{"line":46,"column":2},"end":{"line":48,"column":3}},"18":{"start":{"line":47,"column":4},"end":{"line":47,"column":23}},"19":{"start":{"line":50,"column":2},"end":{"line":50,"column":13}},"20":{"start":{"line":58,"column":23},"end":{"line":62,"column":1}},"21":{"start":{"line":59,"column":2},"end":{"line":59,"column":40}},"22":{"start":{"line":59,"column":25},"end":{"line":59,"column":40}},"23":{"start":{"line":61,"column":2},"end":{"line":61,"column":30}},"24":{"start":{"line":72,"column":2},"end":{"line":72,"column":28}},"25":{"start":{"line":73,"column":2},"end":{"line":73,"column":20}},"26":{"start":{"line":74,"column":2},"end":{"line":74,"column":20}},"27":{"start":{"line":75,"column":2},"end":{"line":75,"column":21}},"28":{"start":{"line":76,"column":2},"end":{"line":76,"column":31}},"29":{"start":{"line":79,"column":0},"end":{"line":81,"column":2}},"30":{"start":{"line":80,"column":2},"end":{"line":80,"column":62}},"31":{"start":{"line":83,"column":0},"end":{"line":92,"column":2}},"32":{"start":{"line":84,"column":2},"end":{"line":91,"column":3}},"33":{"start":{"line":85,"column":20},"end":{"line":85,"column":37}},"34":{"start":{"line":86,"column":4},"end":{"line":89,"column":7}},"35":{"start":{"line":87,"column":6},"end":{"line":87,"column":47}},"36":{"start":{"line":88,"column":6},"end":{"line":88,"column":17}},"37":{"start":{"line":90,"column":4},"end":{"line":90,"column":31}},"38":{"start":{"line":94,"column":0},"end":{"line":100,"column":2}}},"fnMap":{"0":{"name":"(anonymous_0)","decl":{"start":{"line":8,"column":19},"end":{"line":8,"column":20}},"loc":{"start":{"line":8,"column":28},"end":{"line":23,"column":1}},"line":8},"1":{"name":"(anonymous_1)","decl":{"start":{"line":11,"column":17},"end":{"line":11,"column":18}},"loc":{"start":{"line":11,"column":26},"end":{"line":19,"column":3}},"line":11},"2":{"name":"(anonymous_2)","decl":{"start":{"line":30,"column":20},"end":{"line":30,"column":21}},"loc":{"start":{"line":30,"column":32},"end":{"line":37,"column":1}},"line":30},"3":{"name":"(anonymous_3)","decl":{"start":{"line":45,"column":19},"end":{"line":45,"column":20}},"loc":{"start":{"line":45,"column":36},"end":{"line":51,"column":1}},"line":45},"4":{"name":"(anonymous_4)","decl":{"start":{"line":58,"column":23},"end":{"line":58,"column":24}},"loc":{"start":{"line":58,"column":32},"end":{"line":62,"column":1}},"line":58},"5":{"name":"PromiseQueue","decl":{"start":{"line":71,"column":9},"end":{"line":71,"column":21}},"loc":{"start":{"line":71,"column":55},"end":{"line":77,"column":1}},"line":71},"6":{"name":"(anonymous_6)","decl":{"start":{"line":79,"column":33},"end":{"line":79,"column":34}},"loc":{"start":{"line":79,"column":45},"end":{"line":81,"column":1}},"line":79},"7":{"name":"(anonymous_7)","decl":{"start":{"line":83,"column":29},"end":{"line":83,"column":30}},"loc":{"start":{"line":83,"column":41},"end":{"line":92,"column":1}},"line":83},"8":{"name":"(anonymous_8)","decl":{"start":{"line":86,"column":17},"end":{"line":86,"column":18}},"loc":{"start":{"line":86,"column":23},"end":{"line":89,"column":5}},"line":86}},"branchMap":{"0":{"loc":{"start":{"line":13,"column":6},"end":{"line":17,"column":7}},"type":"if","locations":[{"start":{"line":13,"column":6},"end":{"line":17,"column":7}},{"start":{"line":15,"column":13},"end":{"line":17,"column":7}}],"line":13},"1":{"loc":{"start":{"line":46,"column":2},"end":{"line":48,"column":3}},"type":"if","locations":[{"start":{"line":46,"column":2},"end":{"line":48,"column":3}},{"start":{},"end":{}}],"line":46},"2":{"loc":{"start":{"line":46,"column":6},"end":{"line":46,"column":30}},"type":"binary-expr","locations":[{"start":{"line":46,"column":6},"end":{"line":46,"column":12}},{"start":{"line":46,"column":16},"end":{"line":46,"column":30}}],"line":46},"3":{"loc":{"start":{"line":59,"column":2},"end":{"line":59,"column":40}},"type":"if","locations":[{"start":{"line":59,"column":2},"end":{"line":59,"column":40}},{"start":{},"end":{}}],"line":59},"4":{"loc":{"start":{"line":71,"column":22},"end":{"line":71,"column":32}},"type":"default-arg","locations":[{"start":{"line":71,"column":30},"end":{"line":71,"column":32}}],"line":71},"5":{"loc":{"start":{"line":71,"column":34},"end":{"line":71,"column":53}},"type":"default-arg","locations":[{"start":{"line":71,"column":52},"end":{"line":71,"column":53}}],"line":71},"6":{"loc":{"start":{"line":80,"column":9},"end":{"line":80,"column":61}},"type":"binary-expr","locations":[{"start":{"line":80,"column":9},"end":{"line":80,"column":41}},{"start":{"line":80,"column":45},"end":{"line":80,"column":61}}],"line":80}},"s":{"0":1,"1":1,"2":2,"3":2,"4":7,"5":7,"6":19,"7":5,"8":14,"9":2,"10":2,"11":1,"12":2,"13":2,"14":1,"15":1,"16":1,"17":5,"18":2,"19":3,"20":1,"21":0,"22":0,"23":0,"24":0,"25":0,"26":0,"27":0,"28":0,"29":1,"30":0,"31":1,"32":0,"33":0,"34":0,"35":0,"36":0,"37":0,"38":1},"f":{"0":2,"1":7,"2":2,"3":5,"4":0,"5":0,"6":0,"7":0,"8":0},"b":{"0":[5,14],"1":[2,3],"2":[5,5],"3":[0,0],"4":[0],"5":[0],"6":[0,0]},"_coverageSchema":"1a1c01bbd47fc00a2c39e90264f33305004495a9","hash":"e2518a38b405409c4430bb5b7590e405120793f6"}
}
