TN:
SF:helpers.js
FN:8,(anonymous_0)
FN:11,(anonymous_1)
FN:30,(anonymous_2)
FN:45,(anonymous_3)
FN:58,(anonymous_4)
FN:71,PromiseQueue
FN:79,(anonymous_6)
FN:83,(anonymous_7)
FN:86,(anonymous_8)
FNF:9
FNH:4
FNDA:2,(anonymous_0)
FNDA:7,(anonymous_1)
FNDA:2,(anonymous_2)
FNDA:5,(anonymous_3)
FNDA:0,(anonymous_4)
FNDA:0,PromiseQueue
FNDA:0,(anonymous_6)
FNDA:0,(anonymous_7)
FNDA:0,(anonymous_8)
DA:1,1
DA:8,1
DA:9,2
DA:11,2
DA:12,7
DA:13,19
DA:14,5
DA:16,14
DA:21,2
DA:22,2
DA:30,1
DA:31,2
DA:32,2
DA:33,1
DA:35,1
DA:45,1
DA:46,5
DA:47,2
DA:50,3
DA:58,1
DA:59,0
DA:61,0
DA:72,0
DA:73,0
DA:74,0
DA:75,0
DA:76,0
DA:79,1
DA:80,0
DA:83,1
DA:84,0
DA:85,0
DA:86,0
DA:87,0
DA:88,0
DA:90,0
DA:94,1
LF:37
LH:23
BRDA:13,0,0,5
BRDA:13,0,1,14
BRDA:46,1,0,2
BRDA:46,1,1,3
BRDA:46,2,0,5
BRDA:46,2,1,5
BRDA:59,3,0,0
BRDA:59,3,1,0
BRDA:71,4,0,0
BRDA:71,5,0,0
BRDA:80,6,0,0
BRDA:80,6,1,0
BRF:12
BRH:6
end_of_record
